<?xml version="1.0" encoding="UTF-8"?>
<!-- Generated by org.testng.reporters.JUnitXMLReporter -->
<testsuite ignored="0" hostname="Neethu" failures="0" tests="4" name="my test" time="13.248" errors="0" timestamp="2025-01-14T23:26:36 IST">
  <testcase classname="testNGDemo.TestCase4" name="openApplication" time="10.827"/>
  <testcase classname="testNGDemo.TestCase4" name="login" time="0.483"/>
  <testcase classname="testNGDemo.TestCase4" name="testLogoPresence" time="1.848"/>
  <testcase classname="testNGDemo.TestCase3" name="testMethod" time="0.002"/>
</testsuite> <!-- my test -->
