<?xml version="1.0" encoding="UTF-8"?>
<!-- Generated by org.testng.reporters.JUnitXMLReporter -->
<testsuite ignored="0" hostname="Neethu" failures="0" tests="3" name="Test" time="10.289" errors="0" timestamp="2025-01-14T18:18:50 IST">
  <testcase classname="testNGDemo.TestCase4" name="openApplication" time="6.537"/>
  <testcase classname="testNGDemo.TestCase4" name="login" time="0.486"/>
  <testcase classname="testNGDemo.TestCase4" name="testLogoPresence" time="3.187"/>
</testsuite> <!-- Test -->
