<?xml version="1.0" encoding="UTF-8"?>
<testng-results ignored="0" total="1" passed="1" failed="0" skipped="0">
  <reporter-output>
  </reporter-output>
  <suite started-at="2025-01-16T12:07:35 IST" name="Default suite" finished-at="2025-01-16T12:07:44 IST" duration-ms="8855">
    <groups>
    </groups>
    <test started-at="2025-01-16T12:07:35 IST" name="Default test" finished-at="2025-01-16T12:07:44 IST" duration-ms="8855">
      <class name="testScript.ClientTest">
        <test-method is-config="true" signature="beforeMethod()[pri:0, instance:testScript.ClientTest@68999068]" started-at="2025-01-16T12:07:35 IST" name="beforeMethod" finished-at="2025-01-16T12:07:41 IST" duration-ms="5108" status="PASS">
          <reporter-output>
          </reporter-output>
        </test-method> <!-- beforeMethod -->
        <test-method signature="verifyClientSearch()[pri:0, instance:testScript.ClientTest@68999068]" started-at="2025-01-16T12:07:41 IST" name="verifyClientSearch" finished-at="2025-01-16T12:07:44 IST" duration-ms="3701" status="PASS">
          <reporter-output>
          </reporter-output>
        </test-method> <!-- verifyClientSearch -->
      </class> <!-- testScript.ClientTest -->
    </test> <!-- Default test -->
  </suite> <!-- Default suite -->
</testng-results>
